<?xml version="1.0" encoding="UTF-8"?>
<!-- Generated by org.testng.reporters.JUnitXMLReporter -->
<testsuite ignored="0" hostname="DESKTOP-Q6873AV" failures="0" tests="5" name="Default test" time="41.043" errors="0" timestamp="04 May 2021 18:57:07 GMT">
  <testcase classname="HL_testNG.TestNgAlert" name="alertConfirmCancel" time="0.182"/>
  <testcase classname="HL_testNG.TestNgAlert" name="alertConfirmOK" time="0.166"/>
  <testcase classname="HL_testNG.TestNgAlert" name="alertOk" time="0.174"/>
  <testcase classname="HL_testNG.TestNgAlert" name="promptCancel" time="0.177"/>
  <testcase classname="HL_testNG.TestNgAlert" name="promptOK" time="0.199"/>
</testsuite> <!-- Default test -->
