<?xml version="1.0" encoding="UTF-8"?>
<!-- Generated by org.testng.reporters.JUnitXMLReporter -->
<testsuite ignored="0" hostname="DESKTOP-Q6873AV" failures="0" tests="4" name="Default test" time="32.735" errors="0" timestamp="04 May 2021 17:58:58 GMT">
  <testcase classname="HL_testNG.TestNgAuth" name="unameCorrect_passwdCorrect" time="1.862"/>
  <testcase classname="HL_testNG.TestNgAuth" name="unameCorrect_passwdWrong" time="1.218"/>
  <testcase classname="HL_testNG.TestNgAuth" name="unameWrong_passwdCorrect" time="1.297"/>
  <testcase classname="HL_testNG.TestNgAuth" name="unameWrong_passwdWrong" time="1.777"/>
</testsuite> <!-- Default test -->
