<?xml version="1.0" encoding="UTF-8"?>
<testng-results ignored="0" total="1" passed="1" failed="0" skipped="0">
  <reporter-output>
  </reporter-output>
  <suite started-at="2021-05-04T19:56:14Z" name="Default suite" finished-at="2021-05-04T19:56:26Z" duration-ms="11988">
    <groups>
    </groups>
    <test started-at="2021-05-04T19:56:14Z" name="Default test" finished-at="2021-05-04T19:56:26Z" duration-ms="11988">
      <class name="HL_testNG.TestNgDynamicLoading">
        <test-method is-config="true" signature="TestNames()[pri:0, instance:HL_testNG.TestNgDynamicLoading@305b7c14]" started-at="2021-05-04T19:56:14Z" name="TestNames" finished-at="2021-05-04T19:56:14Z" duration-ms="16" status="PASS">
          <reporter-output>
          </reporter-output>
        </test-method> <!-- TestNames -->
        <test-method is-config="true" signature="startAssert()[pri:0, instance:HL_testNG.TestNgDynamicLoading@305b7c14]" started-at="2021-05-04T19:56:14Z" name="startAssert" finished-at="2021-05-04T19:56:14Z" duration-ms="2" status="PASS">
          <reporter-output>
          </reporter-output>
        </test-method> <!-- startAssert -->
        <test-method is-config="true" signature="invokeBrowser()[pri:0, instance:HL_testNG.TestNgDynamicLoading@305b7c14]" started-at="2021-05-04T19:56:14Z" name="invokeBrowser" finished-at="2021-05-04T19:56:19Z" duration-ms="5554" status="PASS">
          <reporter-output>
          </reporter-output>
        </test-method> <!-- invokeBrowser -->
        <test-method signature="waitForText()[pri:0, instance:HL_testNG.TestNgDynamicLoading@305b7c14]" started-at="2021-05-04T19:56:19Z" name="waitForText" finished-at="2021-05-04T19:56:25Z" duration-ms="5504" status="PASS">
          <reporter-output>
          </reporter-output>
        </test-method> <!-- waitForText -->
        <test-method is-config="true" signature="closeURL()[pri:0, instance:HL_testNG.TestNgDynamicLoading@305b7c14]" started-at="2021-05-04T19:56:25Z" name="closeURL" finished-at="2021-05-04T19:56:25Z" duration-ms="198" status="PASS">
          <reporter-output>
          </reporter-output>
        </test-method> <!-- closeURL -->
        <test-method is-config="true" signature="quitURL()[pri:0, instance:HL_testNG.TestNgDynamicLoading@305b7c14]" started-at="2021-05-04T19:56:25Z" name="quitURL" finished-at="2021-05-04T19:56:26Z" duration-ms="705" status="PASS">
          <reporter-output>
          </reporter-output>
        </test-method> <!-- quitURL -->
      </class> <!-- HL_testNG.TestNgDynamicLoading -->
    </test> <!-- Default test -->
  </suite> <!-- Default suite -->
</testng-results>
